2022-01-24 22:52:07.028 | INFO     | __main__:main:17 - Бот запускается...
2022-01-24 22:52:09.953 | INFO     | __main__:<module>:23 - 
    ID бота: 2072754878, 
    Название бота: Best Hotel Offers, 
    Пользователь: best_hotel_offers_bot, 
    Подключение: True
2022-01-24 22:52:10.001 | INFO     | bot_db:init_db:115 - БД инициализирована
2022-01-24 22:52:10.004 | INFO     | __main__:<module>:157 - Бот в работе
2022-01-24 22:55:06.144 | ERROR    | __main__:main:22 - Работа бота была прервана принудительно, нажатием на [Ctrl] + C
2022-01-24 22:55:29.637 | INFO     | __main__:main:17 - Бот запускается...
2022-01-24 22:55:30.656 | INFO     | __main__:<module>:23 - 
    ID бота: 2072754878, 
    Название бота: Best Hotel Offers, 
    Пользователь: best_hotel_offers_bot, 
    Подключение: True
2022-01-24 22:55:30.661 | INFO     | bot_db:init_db:115 - БД инициализирована
2022-01-24 22:55:30.664 | INFO     | __main__:<module>:157 - Бот в работе
2022-01-24 22:56:12.780 | ERROR    | __main__:main:22 - Работа бота была прервана принудительно, нажатием на [Ctrl] + C
2022-01-24 22:57:11.672 | INFO     | __main__:main:17 - Бот запускается...
2022-01-24 22:57:12.654 | INFO     | __main__:<module>:23 - 
    ID бота: 2072754878, 
    Название бота: Best Hotel Offers, 
    Пользователь: best_hotel_offers_bot, 
    Подключение: True
2022-01-24 22:57:12.659 | INFO     | bot_db:init_db:115 - БД инициализирована
2022-01-24 22:57:12.663 | INFO     | __main__:<module>:157 - Бот в работе
2022-01-24 22:58:32.479 | ERROR    | __main__:main:22 - Работа бота была прервана принудительно, нажатием на [Ctrl] + C
2022-01-24 22:59:17.468 | INFO     | __main__:main:17 - Бот запускается...
2022-01-24 22:59:18.451 | INFO     | __main__:<module>:23 - 
    ID бота: 2072754878, 
    Название бота: Best Hotel Offers, 
    Пользователь: best_hotel_offers_bot, 
    Подключение: True
2022-01-24 22:59:18.457 | INFO     | bot_db:init_db:115 - БД инициализирована
2022-01-24 22:59:18.463 | INFO     | __main__:<module>:157 - Бот в работе
2022-01-24 22:59:37.243 | ERROR    | __main__:main:22 - Работа бота была прервана принудительно, нажатием на [Ctrl] + C
2022-01-24 23:03:00.165 | INFO     | __main__:main:17 - Бот запускается...
2022-01-24 23:03:01.186 | INFO     | __main__:<module>:23 - 
    ID бота: 2072754878, 
    Название бота: Best Hotel Offers, 
    Пользователь: best_hotel_offers_bot, 
    Подключение: True
2022-01-24 23:03:01.193 | INFO     | bot_db:init_db:115 - БД инициализирована
2022-01-24 23:03:01.198 | INFO     | __main__:<module>:157 - Бот в работе
2022-01-24 23:06:01.221 | ERROR    | __main__:main:22 - Работа бота была прервана принудительно, нажатием на [Ctrl] + C
2022-01-25 20:32:40.490 | INFO     | __main__:main:17 - Бот запускается...
2022-01-25 20:32:41.583 | INFO     | __main__:<module>:23 - 
    ID бота: 2072754878, 
    Название бота: Best Hotel Offers, 
    Пользователь: best_hotel_offers_bot, 
    Подключение: True
2022-01-25 20:32:41.587 | INFO     | bot_db:init_db:115 - БД инициализирована
2022-01-25 20:32:41.590 | INFO     | __main__:<module>:164 - Бот в работе
2022-01-25 20:33:16.893 | ERROR    | __main__:main:22 - Работа бота была прервана принудительно, нажатием на [Ctrl] + C
